<?xml version="1.0" encoding="UTF-8"?>
<testng-results total="0" passed="0" failed="0" skipped="0">
  <reporter-output>
  </reporter-output>
  <suite started-at="2017-12-03T17:47:45Z" name="testowkaa.AppTest" finished-at="2017-12-03T17:47:45Z" duration-ms="2">
    <groups>
    </groups>
    <test started-at="2017-12-03T17:47:45Z" name="Command line test" finished-at="2017-12-03T17:47:45Z" duration-ms="2">
    </test> <!-- Command line test -->
  </suite> <!-- testowkaa.AppTest -->
</testng-results>
